This file contains any messages produced by compilers while
running configure, to aid debugging if configure makes a mistake.

It was created by StreamingMediaCenter configure 1.0, which was
generated by GNU Autoconf 2.67.  Invocation command line was

  $ ./configure 

## --------- ##
## Platform. ##
## --------- ##

hostname = Sabertooth
uname -m = i686
uname -r = 2.6.38-10-generic-pae
uname -s = Linux
uname -v = #46-Ubuntu SMP Tue Jun 28 16:54:49 UTC 2011

/usr/bin/uname -p = unknown
/bin/uname -X     = unknown

/bin/arch              = unknown
/usr/bin/arch -k       = unknown
/usr/convex/getsysinfo = unknown
/usr/bin/hostinfo      = unknown
/bin/machine           = unknown
/usr/bin/oslevel       = unknown
/bin/universe          = unknown

PATH: /usr/local/sbin
PATH: /usr/local/bin
PATH: /usr/sbin
PATH: /usr/bin
PATH: /sbin
PATH: /bin
PATH: /usr/games


## ----------- ##
## Core tests. ##
## ----------- ##

configure:2665: checking for a BSD-compatible install
configure:2733: result: /usr/bin/install -c
configure:2744: checking whether build environment is sane
configure:2794: result: yes
configure:2935: checking for a thread-safe mkdir -p
configure:2974: result: /bin/mkdir -p
configure:2987: checking for gawk
configure:3003: found /usr/bin/gawk
configure:3014: result: gawk
configure:3025: checking whether make sets $(MAKE)
configure:3047: result: yes
configure:3195: checking for g++
configure:3211: found /usr/bin/g++
configure:3222: result: g++
configure:3249: checking for C++ compiler version
configure:3258: g++ --version >&5
g++ (Ubuntu/Linaro 4.5.2-8ubuntu4) 4.5.2
Copyright (C) 2010 Free Software Foundation, Inc.
This is free software; see the source for copying conditions.  There is NO
warranty; not even for MERCHANTABILITY or FITNESS FOR A PARTICULAR PURPOSE.

configure:3269: $? = 0
configure:3258: g++ -v >&5
Using built-in specs.
COLLECT_GCC=g++
COLLECT_LTO_WRAPPER=/usr/lib/i386-linux-gnu/gcc/i686-linux-gnu/4.5.2/lto-wrapper
Target: i686-linux-gnu
Configured with: ../src/configure -v --with-pkgversion='Ubuntu/Linaro 4.5.2-8ubuntu4' --with-bugurl=file:///usr/share/doc/gcc-4.5/README.Bugs --enable-languages=c,c++,fortran,objc,obj-c++ --prefix=/usr --program-suffix=-4.5 --enable-shared --enable-multiarch --with-multiarch-defaults=i386-linux-gnu --enable-linker-build-id --with-system-zlib --libexecdir=/usr/lib/i386-linux-gnu --without-included-gettext --enable-threads=posix --with-gxx-include-dir=/usr/include/c++/4.5 --libdir=/usr/lib/i386-linux-gnu --enable-nls --with-sysroot=/ --enable-clocale=gnu --enable-libstdcxx-debug --enable-libstdcxx-time=yes --enable-plugin --enable-gold --enable-ld=default --with-plugin-ld=ld.gold --enable-objc-gc --enable-targets=all --disable-werror --with-arch-32=i686 --with-tune=generic --enable-checking=release --build=i686-linux-gnu --host=i686-linux-gnu --target=i686-linux-gnu
Thread model: posix
gcc version 4.5.2 (Ubuntu/Linaro 4.5.2-8ubuntu4) 
configure:3269: $? = 0
configure:3258: g++ -V >&5
g++: '-V' option must have argument
configure:3269: $? = 1
configure:3258: g++ -qversion >&5
g++: unrecognized option '-qversion'
g++: no input files
configure:3269: $? = 1
configure:3289: checking whether the C++ compiler works
configure:3311: g++    conftest.cpp  >&5
configure:3315: $? = 0
configure:3363: result: yes
configure:3366: checking for C++ compiler default output file name
configure:3368: result: a.out
configure:3374: checking for suffix of executables
configure:3381: g++ -o conftest    conftest.cpp  >&5
configure:3385: $? = 0
configure:3407: result: 
configure:3429: checking whether we are cross compiling
configure:3437: g++ -o conftest    conftest.cpp  >&5
configure:3441: $? = 0
configure:3448: ./conftest
configure:3452: $? = 0
configure:3467: result: no
configure:3472: checking for suffix of object files
configure:3494: g++ -c   conftest.cpp >&5
configure:3498: $? = 0
configure:3519: result: o
configure:3523: checking whether we are using the GNU C++ compiler
configure:3542: g++ -c   conftest.cpp >&5
configure:3542: $? = 0
configure:3551: result: yes
configure:3560: checking whether g++ accepts -g
configure:3580: g++ -c -g  conftest.cpp >&5
configure:3580: $? = 0
configure:3621: result: yes
configure:3655: checking for style of include used by make
configure:3683: result: GNU
configure:3708: checking dependency style of g++
configure:3818: result: gcc3
configure:3882: checking for boostlib >= 1.42.0
configure:3941: g++ -c -g -O2  -I/usr/include conftest.cpp >&5
configure:3941: $? = 0
configure:3943: result: yes
configure:4125: checking for gcc
configure:4141: found /usr/bin/gcc
configure:4152: result: gcc
configure:4381: checking for C compiler version
configure:4390: gcc --version >&5
gcc (Ubuntu/Linaro 4.5.2-8ubuntu4) 4.5.2
Copyright (C) 2010 Free Software Foundation, Inc.
This is free software; see the source for copying conditions.  There is NO
warranty; not even for MERCHANTABILITY or FITNESS FOR A PARTICULAR PURPOSE.

configure:4401: $? = 0
configure:4390: gcc -v >&5
Using built-in specs.
COLLECT_GCC=gcc
COLLECT_LTO_WRAPPER=/usr/lib/i386-linux-gnu/gcc/i686-linux-gnu/4.5.2/lto-wrapper
Target: i686-linux-gnu
Configured with: ../src/configure -v --with-pkgversion='Ubuntu/Linaro 4.5.2-8ubuntu4' --with-bugurl=file:///usr/share/doc/gcc-4.5/README.Bugs --enable-languages=c,c++,fortran,objc,obj-c++ --prefix=/usr --program-suffix=-4.5 --enable-shared --enable-multiarch --with-multiarch-defaults=i386-linux-gnu --enable-linker-build-id --with-system-zlib --libexecdir=/usr/lib/i386-linux-gnu --without-included-gettext --enable-threads=posix --with-gxx-include-dir=/usr/include/c++/4.5 --libdir=/usr/lib/i386-linux-gnu --enable-nls --with-sysroot=/ --enable-clocale=gnu --enable-libstdcxx-debug --enable-libstdcxx-time=yes --enable-plugin --enable-gold --enable-ld=default --with-plugin-ld=ld.gold --enable-objc-gc --enable-targets=all --disable-werror --with-arch-32=i686 --with-tune=generic --enable-checking=release --build=i686-linux-gnu --host=i686-linux-gnu --target=i686-linux-gnu
Thread model: posix
gcc version 4.5.2 (Ubuntu/Linaro 4.5.2-8ubuntu4) 
configure:4401: $? = 0
configure:4390: gcc -V >&5
gcc: '-V' option must have argument
configure:4401: $? = 1
configure:4390: gcc -qversion >&5
gcc: unrecognized option '-qversion'
gcc: no input files
configure:4401: $? = 1
configure:4405: checking whether we are using the GNU C compiler
configure:4424: gcc -c   conftest.c >&5
configure:4424: $? = 0
configure:4433: result: yes
configure:4442: checking whether gcc accepts -g
configure:4462: gcc -c -g  conftest.c >&5
configure:4462: $? = 0
configure:4503: result: yes
configure:4520: checking for gcc option to accept ISO C89
configure:4584: gcc  -c -g -O2  conftest.c >&5
configure:4584: $? = 0
configure:4597: result: none needed
configure:4619: checking dependency style of gcc
configure:4729: result: gcc3
configure:4748: checking build system type
configure:4762: result: i686-pc-linux-gnu
configure:4815: checking whether the Boost::System library is available
configure:4839: g++ -c -g -O2  -I/usr/include conftest.cpp >&5
configure:4839: $? = 0
configure:4854: result: yes
configure:4869: checking for exit in -lboost_system-mt
configure:4894: gcc -o conftest -g -O2  -I/usr/include  -L/usr/lib conftest.c -lboost_system-mt   >&5
conftest.c:20:6: warning: conflicting types for built-in function 'exit'
configure:4894: $? = 0
configure:4904: result: yes
configure:5053: checking whether the Boost::Thread library is available
configure:5085: g++ -c -pthread -g -O2  -I/usr/include conftest.cpp >&5
configure:5085: $? = 0
configure:5100: result: yes
configure:5129: checking for exit in -lboost_thread-mt
configure:5154: gcc -o conftest -g -O2  -I/usr/include  -L/usr/lib conftest.c -lboost_thread-mt   >&5
conftest.c:21:6: warning: conflicting types for built-in function 'exit'
configure:5154: $? = 0
configure:5164: result: yes
configure:5321: checking host system type
configure:5334: result: i686-pc-linux-gnu
configure:5354: checking for a sed that does not truncate output
configure:5418: result: /bin/sed
configure:5436: checking for grep that handles long lines and -e
configure:5494: result: /bin/grep
configure:5499: checking for egrep
configure:5561: result: /bin/grep -E
configure:5566: checking for fgrep
configure:5628: result: /bin/grep -F
configure:5663: checking for ld used by gcc
configure:5730: result: /usr/bin/ld
configure:5737: checking if the linker (/usr/bin/ld) is GNU ld
configure:5752: result: yes
configure:5764: checking for BSD- or MS-compatible name lister (nm)
configure:5813: result: /usr/bin/nm -B
configure:5931: checking the name lister (/usr/bin/nm -B) interface
configure:5938: gcc -c -g -O2  conftest.c >&5
configure:5941: /usr/bin/nm -B "conftest.o"
configure:5944: output
00000000 B some_variable
configure:5951: result: BSD nm
configure:5954: checking whether ln -s works
configure:5958: result: yes
configure:5966: checking the maximum length of command line arguments
configure:6086: result: 1572864
configure:6103: checking whether the shell understands some XSI constructs
configure:6113: result: yes
configure:6117: checking whether the shell understands "+="
configure:6123: result: yes
configure:6158: checking for /usr/bin/ld option to reload object files
configure:6165: result: -r
configure:6234: checking for objdump
configure:6250: found /usr/bin/objdump
configure:6261: result: objdump
configure:6293: checking how to recognize dependent libraries
configure:6489: result: pass_all
configure:6549: checking for ar
configure:6565: found /usr/bin/ar
configure:6576: result: ar
configure:6654: checking for strip
configure:6670: found /usr/bin/strip
configure:6681: result: strip
configure:6753: checking for ranlib
configure:6769: found /usr/bin/ranlib
configure:6780: result: ranlib
configure:6870: checking command to parse /usr/bin/nm -B output from gcc object
configure:6988: gcc -c -g -O2  conftest.c >&5
configure:6991: $? = 0
configure:6995: /usr/bin/nm -B conftest.o \| sed -n -e 's/^.*[	 ]\([ABCDGIRSTW][ABCDGIRSTW]*\)[	 ][	 ]*\([_A-Za-z][_A-Za-z0-9]*\)$/\1 \2 \2/p' \> conftest.nm
configure:6998: $? = 0
configure:7052: gcc -o conftest -g -O2   conftest.c conftstm.o >&5
configure:7055: $? = 0
configure:7093: result: ok
configure:7901: checking how to run the C preprocessor
configure:7932: gcc -E  conftest.c
configure:7932: $? = 0
configure:7946: gcc -E  conftest.c
conftest.c:14:28: fatal error: ac_nonexistent.h: No such file or directory
compilation terminated.
configure:7946: $? = 1
configure: failed program was:
| /* confdefs.h */
| #define PACKAGE_NAME "StreamingMediaCenter"
| #define PACKAGE_TARNAME "streamingmediacenter"
| #define PACKAGE_VERSION "1.0"
| #define PACKAGE_STRING "StreamingMediaCenter 1.0"
| #define PACKAGE_BUGREPORT "mario.giustiniani@posix-shell.com"
| #define PACKAGE_URL ""
| #define PACKAGE "streamingmediacenter"
| #define VERSION "1.0"
| #define HAVE_BOOST /**/
| #define HAVE_BOOST_SYSTEM /**/
| #define HAVE_BOOST_THREAD /**/
| /* end confdefs.h.  */
| #include <ac_nonexistent.h>
configure:7971: result: gcc -E
configure:7991: gcc -E  conftest.c
configure:7991: $? = 0
configure:8005: gcc -E  conftest.c
conftest.c:14:28: fatal error: ac_nonexistent.h: No such file or directory
compilation terminated.
configure:8005: $? = 1
configure: failed program was:
| /* confdefs.h */
| #define PACKAGE_NAME "StreamingMediaCenter"
| #define PACKAGE_TARNAME "streamingmediacenter"
| #define PACKAGE_VERSION "1.0"
| #define PACKAGE_STRING "StreamingMediaCenter 1.0"
| #define PACKAGE_BUGREPORT "mario.giustiniani@posix-shell.com"
| #define PACKAGE_URL ""
| #define PACKAGE "streamingmediacenter"
| #define VERSION "1.0"
| #define HAVE_BOOST /**/
| #define HAVE_BOOST_SYSTEM /**/
| #define HAVE_BOOST_THREAD /**/
| /* end confdefs.h.  */
| #include <ac_nonexistent.h>
configure:8034: checking for ANSI C header files
configure:8054: gcc -c -g -O2  conftest.c >&5
configure:8054: $? = 0
configure:8127: gcc -o conftest -g -O2   conftest.c  >&5
configure:8127: $? = 0
configure:8127: ./conftest
configure:8127: $? = 0
configure:8138: result: yes
configure:8151: checking for sys/types.h
configure:8151: gcc -c -g -O2  conftest.c >&5
configure:8151: $? = 0
configure:8151: result: yes
configure:8151: checking for sys/stat.h
configure:8151: gcc -c -g -O2  conftest.c >&5
configure:8151: $? = 0
configure:8151: result: yes
configure:8151: checking for stdlib.h
configure:8151: gcc -c -g -O2  conftest.c >&5
configure:8151: $? = 0
configure:8151: result: yes
configure:8151: checking for string.h
configure:8151: gcc -c -g -O2  conftest.c >&5
configure:8151: $? = 0
configure:8151: result: yes
configure:8151: checking for memory.h
configure:8151: gcc -c -g -O2  conftest.c >&5
configure:8151: $? = 0
configure:8151: result: yes
configure:8151: checking for strings.h
configure:8151: gcc -c -g -O2  conftest.c >&5
configure:8151: $? = 0
configure:8151: result: yes
configure:8151: checking for inttypes.h
configure:8151: gcc -c -g -O2  conftest.c >&5
configure:8151: $? = 0
configure:8151: result: yes
configure:8151: checking for stdint.h
configure:8151: gcc -c -g -O2  conftest.c >&5
configure:8151: $? = 0
configure:8151: result: yes
configure:8151: checking for unistd.h
configure:8151: gcc -c -g -O2  conftest.c >&5
configure:8151: $? = 0
configure:8151: result: yes
configure:8165: checking for dlfcn.h
configure:8165: gcc -c -g -O2  conftest.c >&5
configure:8165: $? = 0
configure:8165: result: yes
configure:8290: checking for C++ compiler version
configure:8299: g++ --version >&5
g++ (Ubuntu/Linaro 4.5.2-8ubuntu4) 4.5.2
Copyright (C) 2010 Free Software Foundation, Inc.
This is free software; see the source for copying conditions.  There is NO
warranty; not even for MERCHANTABILITY or FITNESS FOR A PARTICULAR PURPOSE.

configure:8310: $? = 0
configure:8299: g++ -v >&5
Using built-in specs.
COLLECT_GCC=g++
COLLECT_LTO_WRAPPER=/usr/lib/i386-linux-gnu/gcc/i686-linux-gnu/4.5.2/lto-wrapper
Target: i686-linux-gnu
Configured with: ../src/configure -v --with-pkgversion='Ubuntu/Linaro 4.5.2-8ubuntu4' --with-bugurl=file:///usr/share/doc/gcc-4.5/README.Bugs --enable-languages=c,c++,fortran,objc,obj-c++ --prefix=/usr --program-suffix=-4.5 --enable-shared --enable-multiarch --with-multiarch-defaults=i386-linux-gnu --enable-linker-build-id --with-system-zlib --libexecdir=/usr/lib/i386-linux-gnu --without-included-gettext --enable-threads=posix --with-gxx-include-dir=/usr/include/c++/4.5 --libdir=/usr/lib/i386-linux-gnu --enable-nls --with-sysroot=/ --enable-clocale=gnu --enable-libstdcxx-debug --enable-libstdcxx-time=yes --enable-plugin --enable-gold --enable-ld=default --with-plugin-ld=ld.gold --enable-objc-gc --enable-targets=all --disable-werror --with-arch-32=i686 --with-tune=generic --enable-checking=release --build=i686-linux-gnu --host=i686-linux-gnu --target=i686-linux-gnu
Thread model: posix
gcc version 4.5.2 (Ubuntu/Linaro 4.5.2-8ubuntu4) 
configure:8310: $? = 0
configure:8299: g++ -V >&5
g++: '-V' option must have argument
configure:8310: $? = 1
configure:8299: g++ -qversion >&5
g++: unrecognized option '-qversion'
g++: no input files
configure:8310: $? = 1
configure:8314: checking whether we are using the GNU C++ compiler
configure:8342: result: yes
configure:8351: checking whether g++ accepts -g
configure:8412: result: yes
configure:8437: checking dependency style of g++
configure:8547: result: gcc3
configure:8570: checking how to run the C++ preprocessor
configure:8597: g++ -E  conftest.cpp
configure:8597: $? = 0
configure:8611: g++ -E  conftest.cpp
conftest.cpp:25:28: fatal error: ac_nonexistent.h: No such file or directory
compilation terminated.
configure:8611: $? = 1
configure: failed program was:
| /* confdefs.h */
| #define PACKAGE_NAME "StreamingMediaCenter"
| #define PACKAGE_TARNAME "streamingmediacenter"
| #define PACKAGE_VERSION "1.0"
| #define PACKAGE_STRING "StreamingMediaCenter 1.0"
| #define PACKAGE_BUGREPORT "mario.giustiniani@posix-shell.com"
| #define PACKAGE_URL ""
| #define PACKAGE "streamingmediacenter"
| #define VERSION "1.0"
| #define HAVE_BOOST /**/
| #define HAVE_BOOST_SYSTEM /**/
| #define HAVE_BOOST_THREAD /**/
| #define STDC_HEADERS 1
| #define HAVE_SYS_TYPES_H 1
| #define HAVE_SYS_STAT_H 1
| #define HAVE_STDLIB_H 1
| #define HAVE_STRING_H 1
| #define HAVE_MEMORY_H 1
| #define HAVE_STRINGS_H 1
| #define HAVE_INTTYPES_H 1
| #define HAVE_STDINT_H 1
| #define HAVE_UNISTD_H 1
| #define HAVE_DLFCN_H 1
| /* end confdefs.h.  */
| #include <ac_nonexistent.h>
configure:8636: result: g++ -E
configure:8656: g++ -E  conftest.cpp
configure:8656: $? = 0
configure:8670: g++ -E  conftest.cpp
conftest.cpp:25:28: fatal error: ac_nonexistent.h: No such file or directory
compilation terminated.
configure:8670: $? = 1
configure: failed program was:
| /* confdefs.h */
| #define PACKAGE_NAME "StreamingMediaCenter"
| #define PACKAGE_TARNAME "streamingmediacenter"
| #define PACKAGE_VERSION "1.0"
| #define PACKAGE_STRING "StreamingMediaCenter 1.0"
| #define PACKAGE_BUGREPORT "mario.giustiniani@posix-shell.com"
| #define PACKAGE_URL ""
| #define PACKAGE "streamingmediacenter"
| #define VERSION "1.0"
| #define HAVE_BOOST /**/
| #define HAVE_BOOST_SYSTEM /**/
| #define HAVE_BOOST_THREAD /**/
| #define STDC_HEADERS 1
| #define HAVE_SYS_TYPES_H 1
| #define HAVE_SYS_STAT_H 1
| #define HAVE_STDLIB_H 1
| #define HAVE_STRING_H 1
| #define HAVE_MEMORY_H 1
| #define HAVE_STRINGS_H 1
| #define HAVE_INTTYPES_H 1
| #define HAVE_STDINT_H 1
| #define HAVE_UNISTD_H 1
| #define HAVE_DLFCN_H 1
| /* end confdefs.h.  */
| #include <ac_nonexistent.h>
configure:8875: checking for objdir
configure:8890: result: .libs
configure:9186: checking if gcc supports -fno-rtti -fno-exceptions
configure:9204: gcc -c -g -O2  -fno-rtti -fno-exceptions conftest.c >&5
cc1: warning: command line option "-fno-rtti" is valid for C++/ObjC++ but not for C
configure:9208: $? = 0
configure:9221: result: no
configure:9241: checking for gcc option to produce PIC
configure:9513: result: -fPIC -DPIC
configure:9525: checking if gcc PIC flag -fPIC -DPIC works
configure:9543: gcc -c -g -O2  -fPIC -DPIC -DPIC conftest.c >&5
configure:9547: $? = 0
configure:9560: result: yes
configure:9584: checking if gcc static flag -static works
configure:9612: result: yes
configure:9627: checking if gcc supports -c -o file.o
configure:9648: gcc -c -g -O2  -o out/conftest2.o conftest.c >&5
configure:9652: $? = 0
configure:9674: result: yes
configure:9682: checking if gcc supports -c -o file.o
configure:9729: result: yes
configure:9762: checking whether the gcc linker (/usr/bin/ld) supports shared libraries
configure:10753: result: yes
configure:10790: checking whether -lc should be explicitly linked in
configure:10795: gcc -c -g -O2  conftest.c >&5
configure:10798: $? = 0
configure:10813: gcc -shared conftest.o  -v -Wl,-soname -Wl,conftest -o conftest 2\>\&1 \| /bin/grep  -lc  \>/dev/null 2\>\&1
configure:10816: $? = 0
configure:10828: result: no
configure:10992: checking dynamic linker characteristics
configure:11425: gcc -o conftest -g -O2   -Wl,-rpath -Wl,/foo conftest.c  >&5
configure:11425: $? = 0
configure:11655: result: GNU/Linux ld.so
configure:11757: checking how to hardcode library paths into programs
configure:11782: result: immediate
configure:12302: checking whether stripping libraries is possible
configure:12307: result: yes
configure:12342: checking if libtool supports shared libraries
configure:12344: result: yes
configure:12347: checking whether to build shared libraries
configure:12368: result: yes
configure:12371: checking whether to build static libraries
configure:12375: result: yes
configure:12525: checking for ld used by g++
configure:12592: result: /usr/bin/ld
configure:12599: checking if the linker (/usr/bin/ld) is GNU ld
configure:12614: result: yes
configure:12669: checking whether the g++ linker (/usr/bin/ld) supports shared libraries
configure:13582: result: yes
configure:13610: g++ -c -g -O2  conftest.cpp >&5
configure:13613: $? = 0
configure:13795: checking for g++ option to produce PIC
configure:14112: result: -fPIC -DPIC
configure:14121: checking if g++ PIC flag -fPIC -DPIC works
configure:14139: g++ -c -g -O2  -fPIC -DPIC -DPIC conftest.cpp >&5
configure:14143: $? = 0
configure:14156: result: yes
configure:14177: checking if g++ static flag -static works
configure:14205: result: yes
configure:14217: checking if g++ supports -c -o file.o
configure:14238: g++ -c -g -O2  -o out/conftest2.o conftest.cpp >&5
configure:14242: $? = 0
configure:14264: result: yes
configure:14269: checking if g++ supports -c -o file.o
configure:14316: result: yes
configure:14346: checking whether the g++ linker (/usr/bin/ld) supports shared libraries
configure:14375: result: yes
configure:14512: checking dynamic linker characteristics
configure:14893: g++ -o conftest -g -O2   -Wl,-rpath -Wl,/foo conftest.cpp  >&5
configure:14893: $? = 0
configure:15123: result: GNU/Linux ld.so
configure:15174: checking how to hardcode library paths into programs
configure:15199: result: immediate
configure:15285: checking termios.h usability
configure:15285: gcc -c -g -O2  conftest.c >&5
configure:15285: $? = 0
configure:15285: result: yes
configure:15285: checking termios.h presence
configure:15285: gcc -E  conftest.c
configure:15285: $? = 0
configure:15285: result: yes
configure:15285: checking for termios.h
configure:15285: result: yes
configure:15285: checking openssl/ssl.h usability
configure:15285: gcc -c -g -O2  conftest.c >&5
configure:15285: $? = 0
configure:15285: result: yes
configure:15285: checking openssl/ssl.h presence
configure:15285: gcc -E  conftest.c
configure:15285: $? = 0
configure:15285: result: yes
configure:15285: checking for openssl/ssl.h
configure:15285: result: yes
configure:15297: checking for stdbool.h that conforms to C99
configure:15382: gcc -c -g -O2  conftest.c >&5
configure:15382: $? = 0
configure:15389: result: yes
configure:15391: checking for _Bool
configure:15391: gcc -c -g -O2  conftest.c >&5
configure:15391: $? = 0
configure:15391: gcc -c -g -O2  conftest.c >&5
conftest.c: In function 'main':
conftest.c:64:20: error: expected expression before ')' token
configure:15391: $? = 1
configure: failed program was:
| /* confdefs.h */
| #define PACKAGE_NAME "StreamingMediaCenter"
| #define PACKAGE_TARNAME "streamingmediacenter"
| #define PACKAGE_VERSION "1.0"
| #define PACKAGE_STRING "StreamingMediaCenter 1.0"
| #define PACKAGE_BUGREPORT "mario.giustiniani@posix-shell.com"
| #define PACKAGE_URL ""
| #define PACKAGE "streamingmediacenter"
| #define VERSION "1.0"
| #define HAVE_BOOST /**/
| #define HAVE_BOOST_SYSTEM /**/
| #define HAVE_BOOST_THREAD /**/
| #define STDC_HEADERS 1
| #define HAVE_SYS_TYPES_H 1
| #define HAVE_SYS_STAT_H 1
| #define HAVE_STDLIB_H 1
| #define HAVE_STRING_H 1
| #define HAVE_MEMORY_H 1
| #define HAVE_STRINGS_H 1
| #define HAVE_INTTYPES_H 1
| #define HAVE_STDINT_H 1
| #define HAVE_UNISTD_H 1
| #define HAVE_DLFCN_H 1
| #define LT_OBJDIR ".libs/"
| #define HAVE_TERMIOS_H 1
| #define HAVE_OPENSSL_SSL_H 1
| /* end confdefs.h.  */
| #include <stdio.h>
| #ifdef HAVE_SYS_TYPES_H
| # include <sys/types.h>
| #endif
| #ifdef HAVE_SYS_STAT_H
| # include <sys/stat.h>
| #endif
| #ifdef STDC_HEADERS
| # include <stdlib.h>
| # include <stddef.h>
| #else
| # ifdef HAVE_STDLIB_H
| #  include <stdlib.h>
| # endif
| #endif
| #ifdef HAVE_STRING_H
| # if !defined STDC_HEADERS && defined HAVE_MEMORY_H
| #  include <memory.h>
| # endif
| # include <string.h>
| #endif
| #ifdef HAVE_STRINGS_H
| # include <strings.h>
| #endif
| #ifdef HAVE_INTTYPES_H
| # include <inttypes.h>
| #endif
| #ifdef HAVE_STDINT_H
| # include <stdint.h>
| #endif
| #ifdef HAVE_UNISTD_H
| # include <unistd.h>
| #endif
| int
| main ()
| {
| if (sizeof ((_Bool)))
| 	    return 0;
|   ;
|   return 0;
| }
configure:15391: result: yes
configure:15407: checking for size_t
configure:15407: gcc -c -g -O2  conftest.c >&5
configure:15407: $? = 0
configure:15407: gcc -c -g -O2  conftest.c >&5
conftest.c: In function 'main':
conftest.c:66:21: error: expected expression before ')' token
configure:15407: $? = 1
configure: failed program was:
| /* confdefs.h */
| #define PACKAGE_NAME "StreamingMediaCenter"
| #define PACKAGE_TARNAME "streamingmediacenter"
| #define PACKAGE_VERSION "1.0"
| #define PACKAGE_STRING "StreamingMediaCenter 1.0"
| #define PACKAGE_BUGREPORT "mario.giustiniani@posix-shell.com"
| #define PACKAGE_URL ""
| #define PACKAGE "streamingmediacenter"
| #define VERSION "1.0"
| #define HAVE_BOOST /**/
| #define HAVE_BOOST_SYSTEM /**/
| #define HAVE_BOOST_THREAD /**/
| #define STDC_HEADERS 1
| #define HAVE_SYS_TYPES_H 1
| #define HAVE_SYS_STAT_H 1
| #define HAVE_STDLIB_H 1
| #define HAVE_STRING_H 1
| #define HAVE_MEMORY_H 1
| #define HAVE_STRINGS_H 1
| #define HAVE_INTTYPES_H 1
| #define HAVE_STDINT_H 1
| #define HAVE_UNISTD_H 1
| #define HAVE_DLFCN_H 1
| #define LT_OBJDIR ".libs/"
| #define HAVE_TERMIOS_H 1
| #define HAVE_OPENSSL_SSL_H 1
| #define HAVE__BOOL 1
| #define HAVE_STDBOOL_H 1
| /* end confdefs.h.  */
| #include <stdio.h>
| #ifdef HAVE_SYS_TYPES_H
| # include <sys/types.h>
| #endif
| #ifdef HAVE_SYS_STAT_H
| # include <sys/stat.h>
| #endif
| #ifdef STDC_HEADERS
| # include <stdlib.h>
| # include <stddef.h>
| #else
| # ifdef HAVE_STDLIB_H
| #  include <stdlib.h>
| # endif
| #endif
| #ifdef HAVE_STRING_H
| # if !defined STDC_HEADERS && defined HAVE_MEMORY_H
| #  include <memory.h>
| # endif
| # include <string.h>
| #endif
| #ifdef HAVE_STRINGS_H
| # include <strings.h>
| #endif
| #ifdef HAVE_INTTYPES_H
| # include <inttypes.h>
| #endif
| #ifdef HAVE_STDINT_H
| # include <stdint.h>
| #endif
| #ifdef HAVE_UNISTD_H
| # include <unistd.h>
| #endif
| int
| main ()
| {
| if (sizeof ((size_t)))
| 	    return 0;
|   ;
|   return 0;
| }
configure:15407: result: yes
configure: this is autotroll.m4 serial 5
configure:15449: checking for qmake
configure:15468: found /usr/bin/qmake
configure:15480: result: /usr/bin/qmake
configure:15503: checking for moc
configure:15522: found /usr/bin/moc
configure:15534: result: /usr/bin/moc
configure:15557: checking for uic
configure:15576: found /usr/bin/uic
configure:15588: result: /usr/bin/uic
configure:15611: checking for rcc
configure:15630: found /usr/bin/rcc
configure:15642: result: /usr/bin/rcc
configure:15661: checking whether host operating system is Darwin
configure:15671: result: no
configure:15745: Invoking /usr/bin/qmake on conftest.dir.pro
| ######################################################################
| # Automatically generated by qmake (2.01a) Sun Jul 31 19:06:37 2011
| ######################################################################
| 
| TEMPLATE = app
| TARGET = 
| DEPENDPATH += .
| INCLUDEPATH += .
| 
| # Input
| HEADERS += conftest.h
| SOURCES += conftest.cpp
configure:15762: fixing the Makefiles: Makefile
Makefile: updated 0 relative paths and 0 backslash-style paths
configure:15844: checking whether we can build a simple Qt app
g++ -c -pipe -O2 -Wall -W -D_REENTRANT -DQT_NO_DEBUG -DQT_GUI_LIB -DQT_CORE_LIB -DQT_SHARED -I/usr/share/qt4/mkspecs/linux-g++ -I. -I/usr/include/qt4/QtCore -I/usr/include/qt4/QtGui -I/usr/include/qt4 -I. -I. -o conftest.o conftest.cpp
/usr/bin/moc-qt4 -DQT_NO_DEBUG -DQT_GUI_LIB -DQT_CORE_LIB -DQT_SHARED -I/usr/share/qt4/mkspecs/linux-g++ -I. -I/usr/include/qt4/QtCore -I/usr/include/qt4/QtGui -I/usr/include/qt4 -I. -I. conftest.h -o moc_conftest.cpp
g++ -c -pipe -O2 -Wall -W -D_REENTRANT -DQT_NO_DEBUG -DQT_GUI_LIB -DQT_CORE_LIB -DQT_SHARED -I/usr/share/qt4/mkspecs/linux-g++ -I. -I/usr/include/qt4/QtCore -I/usr/include/qt4/QtGui -I/usr/include/qt4 -I. -I. -o moc_conftest.o moc_conftest.cpp
g++ -Wl,-O1 -o conftest conftest.o moc_conftest.o    -L/usr/lib -lQtGui -lQtCore -lpthread 
configure:15904: result: ok, looks like Qt 4
configure:15940: checking for the DEFINES to use with Qt
configure:15947: result: -DQT_NO_DEBUG -DQT_GUI_LIB -DQT_CORE_LIB -DQT_SHARED
configure:15953: checking for the CFLAGS to use with Qt
configure:15960: result: -pipe -O2 -Wall -W -D_REENTRANT $(QT_DEFINES)
configure:15966: checking for the CXXFLAGS to use with Qt
configure:15973: result: -pipe -O2 -Wall -W -D_REENTRANT $(QT_DEFINES)
configure:15979: checking for the INCPATH to use with Qt
configure:15986: result: -I/usr/share/qt4/mkspecs/linux-g++ -I. -I/usr/include/qt4/QtCore -I/usr/include/qt4/QtGui -I/usr/include/qt4 -I. -I.
configure:15995: checking for the LDFLAGS to use with Qt
configure:16002: result: -Wl,-O1
configure:16010: checking for the LIBS to use with Qt
configure:16025: result: -L/usr/lib -lQtGui -lQtCore -lpthread 
configure:16043: checking whether to build with debug information
configure:16052: result: no
configure:16181: checking for doxygen
configure:16199: found /usr/bin/doxygen
configure:16211: result: /usr/bin/doxygen
configure:16287: checking for perl
configure:16305: found /usr/bin/perl
configure:16317: result: /usr/bin/perl
configure:16460: checking for dot
configure:16478: found /usr/bin/dot
configure:16490: result: /usr/bin/dot
configure:18234: creating ./config.status

## ---------------------- ##
## Running config.status. ##
## ---------------------- ##

This file was extended by StreamingMediaCenter config.status 1.0, which was
generated by GNU Autoconf 2.67.  Invocation command line was

  CONFIG_FILES    = 
  CONFIG_HEADERS  = 
  CONFIG_LINKS    = 
  CONFIG_COMMANDS = 
  $ ./config.status 

on Sabertooth

config.status:1213: creating Makefile
config.status:1213: creating po/Makefile
config.status:1213: creating libonvif/Makefile
config.status:1213: creating src/Makefile
config.status:1213: creating config.h
config.status:1393: config.h is unchanged
config.status:1441: executing abc commands
config.status:1441: executing depfiles commands
config.status:1441: executing libtool commands

## ---------------- ##
## Cache variables. ##
## ---------------- ##

ac_cv_build=i686-pc-linux-gnu
ac_cv_c_compiler_gnu=yes
ac_cv_cxx_compiler_gnu=yes
ac_cv_env_CCC_set=
ac_cv_env_CCC_value=
ac_cv_env_CC_set=
ac_cv_env_CC_value=
ac_cv_env_CFLAGS_set=
ac_cv_env_CFLAGS_value=
ac_cv_env_CPPFLAGS_set=
ac_cv_env_CPPFLAGS_value=
ac_cv_env_CPP_set=
ac_cv_env_CPP_value=
ac_cv_env_CXXCPP_set=
ac_cv_env_CXXCPP_value=
ac_cv_env_CXXFLAGS_set=
ac_cv_env_CXXFLAGS_value=
ac_cv_env_CXX_set=
ac_cv_env_CXX_value=
ac_cv_env_DOXYGEN_PAPER_SIZE_set=
ac_cv_env_DOXYGEN_PAPER_SIZE_value=
ac_cv_env_LDFLAGS_set=
ac_cv_env_LDFLAGS_value=
ac_cv_env_LIBS_set=
ac_cv_env_LIBS_value=
ac_cv_env_MOC_set=
ac_cv_env_MOC_value=
ac_cv_env_QMAKE_set=
ac_cv_env_QMAKE_value=
ac_cv_env_QT_PATH_set=
ac_cv_env_QT_PATH_value=
ac_cv_env_RCC_set=
ac_cv_env_RCC_value=
ac_cv_env_UIC_set=
ac_cv_env_UIC_value=
ac_cv_env_build_alias_set=
ac_cv_env_build_alias_value=
ac_cv_env_host_alias_set=
ac_cv_env_host_alias_value=
ac_cv_env_target_alias_set=
ac_cv_env_target_alias_value=
ac_cv_header_dlfcn_h=yes
ac_cv_header_inttypes_h=yes
ac_cv_header_memory_h=yes
ac_cv_header_openssl_ssl_h=yes
ac_cv_header_stdbool_h=yes
ac_cv_header_stdc=yes
ac_cv_header_stdint_h=yes
ac_cv_header_stdlib_h=yes
ac_cv_header_string_h=yes
ac_cv_header_strings_h=yes
ac_cv_header_sys_stat_h=yes
ac_cv_header_sys_types_h=yes
ac_cv_header_termios_h=yes
ac_cv_header_unistd_h=yes
ac_cv_host=i686-pc-linux-gnu
ac_cv_lib_boost_system_mt___exit=yes
ac_cv_lib_boost_thread_mt___exit=yes
ac_cv_objext=o
ac_cv_path_EGREP='/bin/grep -E'
ac_cv_path_FGREP='/bin/grep -F'
ac_cv_path_GREP=/bin/grep
ac_cv_path_MOC=/usr/bin/moc
ac_cv_path_QMAKE=/usr/bin/qmake
ac_cv_path_RCC=/usr/bin/rcc
ac_cv_path_SED=/bin/sed
ac_cv_path_UIC=/usr/bin/uic
ac_cv_path_ac_pt_DX_DOT=/usr/bin/dot
ac_cv_path_ac_pt_DX_DOXYGEN=/usr/bin/doxygen
ac_cv_path_ac_pt_DX_PERL=/usr/bin/perl
ac_cv_path_install='/usr/bin/install -c'
ac_cv_path_mkdir=/bin/mkdir
ac_cv_prog_AWK=gawk
ac_cv_prog_CPP='gcc -E'
ac_cv_prog_CXXCPP='g++ -E'
ac_cv_prog_ac_ct_AR=ar
ac_cv_prog_ac_ct_CC=gcc
ac_cv_prog_ac_ct_CXX=g++
ac_cv_prog_ac_ct_OBJDUMP=objdump
ac_cv_prog_ac_ct_RANLIB=ranlib
ac_cv_prog_ac_ct_STRIP=strip
ac_cv_prog_cc_c89=
ac_cv_prog_cc_g=yes
ac_cv_prog_cxx_g=yes
ac_cv_prog_make_make_set=yes
ac_cv_type__Bool=yes
ac_cv_type_size_t=yes
am_cv_CC_dependencies_compiler_type=gcc3
am_cv_CXX_dependencies_compiler_type=gcc3
at_cv_env_QT_CFLAGS='-pipe -O2 -Wall -W -D_REENTRANT $(QT_DEFINES)'
at_cv_env_QT_CXXFLAGS='-pipe -O2 -Wall -W -D_REENTRANT $(QT_DEFINES)'
at_cv_env_QT_DEFINES='-DQT_NO_DEBUG -DQT_GUI_LIB -DQT_CORE_LIB -DQT_SHARED'
at_cv_env_QT_INCPATH='-I/usr/share/qt4/mkspecs/linux-g++ -I. -I/usr/include/qt4/QtCore -I/usr/include/qt4/QtGui -I/usr/include/qt4 -I. -I.'
at_cv_env_QT_LDFLAGS=-Wl,-O1
at_cv_env_QT_LIBS='-L/usr/lib -lQtGui -lQtCore -lpthread '
at_cv_qt_build='ok, looks like Qt 4'
ax_cv_boost_system=yes
ax_cv_boost_thread=yes
lt_cv_deplibs_check_method=pass_all
lt_cv_file_magic_cmd='$MAGIC_CMD'
lt_cv_file_magic_test_file=
lt_cv_ld_reload_flag=-r
lt_cv_nm_interface='BSD nm'
lt_cv_objdir=.libs
lt_cv_path_LD=/usr/bin/ld
lt_cv_path_LDCXX=/usr/bin/ld
lt_cv_path_NM='/usr/bin/nm -B'
lt_cv_prog_compiler_c_o=yes
lt_cv_prog_compiler_c_o_CXX=yes
lt_cv_prog_compiler_pic_works=yes
lt_cv_prog_compiler_pic_works_CXX=yes
lt_cv_prog_compiler_rtti_exceptions=no
lt_cv_prog_compiler_static_works=yes
lt_cv_prog_compiler_static_works_CXX=yes
lt_cv_prog_gnu_ld=yes
lt_cv_prog_gnu_ldcxx=yes
lt_cv_sys_global_symbol_pipe='sed -n -e '\''s/^.*[	 ]\([ABCDGIRSTW][ABCDGIRSTW]*\)[	 ][	 ]*\([_A-Za-z][_A-Za-z0-9]*\)$/\1 \2 \2/p'\'''
lt_cv_sys_global_symbol_to_c_name_address='sed -n -e '\''s/^: \([^ ]*\) $/  {\"\1\", (void *) 0},/p'\'' -e '\''s/^[ABCDGIRSTW]* \([^ ]*\) \([^ ]*\)$/  {"\2", (void *) \&\2},/p'\'''
lt_cv_sys_global_symbol_to_c_name_address_lib_prefix='sed -n -e '\''s/^: \([^ ]*\) $/  {\"\1\", (void *) 0},/p'\'' -e '\''s/^[ABCDGIRSTW]* \([^ ]*\) \(lib[^ ]*\)$/  {"\2", (void *) \&\2},/p'\'' -e '\''s/^[ABCDGIRSTW]* \([^ ]*\) \([^ ]*\)$/  {"lib\2", (void *) \&\2},/p'\'''
lt_cv_sys_global_symbol_to_cdecl='sed -n -e '\''s/^T .* \(.*\)$/extern int \1();/p'\'' -e '\''s/^[ABCDGIRSTW]* .* \(.*\)$/extern char \1;/p'\'''
lt_cv_sys_max_cmd_len=1572864

## ----------------- ##
## Output variables. ##
## ----------------- ##

ACLOCAL='${SHELL} /home/paperboy/workspace/smc/missing --run aclocal-1.11'
AMDEPBACKSLASH='\'
AMDEP_FALSE='#'
AMDEP_TRUE=''
AMTAR='${SHELL} /home/paperboy/workspace/smc/missing --run tar'
AM_CXXFLAGS=' -O3'
AR='ar'
AUTOCONF='${SHELL} /home/paperboy/workspace/smc/missing --run autoconf'
AUTOHEADER='${SHELL} /home/paperboy/workspace/smc/missing --run autoheader'
AUTOMAKE='${SHELL} /home/paperboy/workspace/smc/missing --run automake-1.11'
AWK='gawk'
BOOST_CPPFLAGS='-pthread -I/usr/include'
BOOST_LDFLAGS='-L/usr/lib'
BOOST_SYSTEM_LIB='-lboost_system-mt'
BOOST_THREAD_LIB='-lboost_thread-mt'
CC='gcc'
CCDEPMODE='depmode=gcc3'
CFLAGS='-g -O2'
CORE_FALSE=''
CORE_TRUE='#'
CPP='gcc -E'
CPPFLAGS=''
CXX='g++'
CXXCPP='g++ -E'
CXXDEPMODE='depmode=gcc3'
CXXFLAGS='-g -O2'
CYGPATH_W='echo'
DEFS='-DHAVE_CONFIG_H'
DEPDIR='.deps'
DOXYGEN_PAPER_SIZE=''
DSYMUTIL=''
DUMPBIN=''
DX_COND_chi_FALSE=''
DX_COND_chi_TRUE='#'
DX_COND_chm_FALSE=''
DX_COND_chm_TRUE='#'
DX_COND_doc_FALSE='#'
DX_COND_doc_TRUE=''
DX_COND_dot_FALSE='#'
DX_COND_dot_TRUE=''
DX_COND_html_FALSE='#'
DX_COND_html_TRUE=''
DX_COND_latex_FALSE=''
DX_COND_latex_TRUE='#'
DX_COND_man_FALSE=''
DX_COND_man_TRUE='#'
DX_COND_pdf_FALSE=''
DX_COND_pdf_TRUE='#'
DX_COND_ps_FALSE=''
DX_COND_ps_TRUE='#'
DX_COND_rtf_FALSE=''
DX_COND_rtf_TRUE='#'
DX_COND_xml_FALSE=''
DX_COND_xml_TRUE='#'
DX_CONFIG='doxygen.cfg'
DX_DOCDIR='doc'
DX_DOT='/usr/bin/dot'
DX_DOXYGEN='/usr/bin/doxygen'
DX_DVIPS=''
DX_EGREP=''
DX_ENV=' SRCDIR='\''.'\'' PROJECT='\''StreamingMediaCenter'\'' DOCDIR='\''doc'\'' VERSION='\''1.0'\'' PERL_PATH='\''/usr/bin/perl'\'' HAVE_DOT='\''YES'\'' DOT_PATH='\''/usr/bin'\'' GENERATE_MAN='\''NO'\'' GENERATE_RTF='\''NO'\'' GENERATE_XML='\''NO'\'' GENERATE_HTMLHELP='\''NO'\'' GENERATE_CHI='\''NO'\'' GENERATE_HTML='\''YES'\'' GENERATE_LATEX='\''NO'\'''
DX_FLAG_DX_CURRENT_FEATURE=''
DX_FLAG_chi='0'
DX_FLAG_chm='0'
DX_FLAG_doc='1'
DX_FLAG_dot='1'
DX_FLAG_html='1'
DX_FLAG_man='0'
DX_FLAG_pdf='0'
DX_FLAG_ps='0'
DX_FLAG_rtf='0'
DX_FLAG_xml='0'
DX_HHC=''
DX_LATEX=''
DX_MAKEINDEX=''
DX_PDFLATEX=''
DX_PERL='/usr/bin/perl'
DX_PROJECT='StreamingMediaCenter'
ECHO_C=''
ECHO_N='-n'
ECHO_T=''
EGREP='/bin/grep -E'
EXEEXT=''
FGREP='/bin/grep -F'
GREP='/bin/grep'
INSTALL_DATA='${INSTALL} -m 644'
INSTALL_PROGRAM='${INSTALL}'
INSTALL_SCRIPT='${INSTALL}'
INSTALL_STRIP_PROGRAM='$(install_sh) -c -s'
LD='/usr/bin/ld'
LDFLAGS=''
LIBOBJS=''
LIBS=''
LIBTOOL='$(SHELL) $(top_builddir)/libtool'
LIPO=''
LN_S='ln -s'
LTLIBOBJS=''
MAKEINFO='${SHELL} /home/paperboy/workspace/smc/missing --run makeinfo'
MKDIR_P='/bin/mkdir -p'
MOC='/usr/bin/moc'
NM='/usr/bin/nm -B'
NMEDIT=''
OBJDUMP='objdump'
OBJEXT='o'
OTOOL64=''
OTOOL=''
PACKAGE='streamingmediacenter'
PACKAGE_BUGREPORT='mario.giustiniani@posix-shell.com'
PACKAGE_NAME='StreamingMediaCenter'
PACKAGE_STRING='StreamingMediaCenter 1.0'
PACKAGE_TARNAME='streamingmediacenter'
PACKAGE_URL=''
PACKAGE_VERSION='1.0'
PATH_SEPARATOR=':'
QMAKE='/usr/bin/qmake'
QT_CFLAGS='-pipe -O2 -Wall -W -D_REENTRANT $(QT_DEFINES)'
QT_CPPFLAGS='-DQT_NO_DEBUG -DQT_GUI_LIB -DQT_CORE_LIB -DQT_SHARED -I/usr/share/qt4/mkspecs/linux-g++ -I. -I/usr/include/qt4/QtCore -I/usr/include/qt4/QtGui -I/usr/include/qt4 -I. -I.'
QT_CXXFLAGS='-pipe -O2 -Wall -W -D_REENTRANT $(QT_DEFINES)'
QT_DEFINES='-DQT_NO_DEBUG -DQT_GUI_LIB -DQT_CORE_LIB -DQT_SHARED'
QT_INCPATH='-I/usr/share/qt4/mkspecs/linux-g++ -I. -I/usr/include/qt4/QtCore -I/usr/include/qt4/QtGui -I/usr/include/qt4 -I. -I.'
QT_LDFLAGS='-Wl,-O1'
QT_LFLAGS='-Wl,-O1'
QT_LIBS='-L/usr/lib -lQtGui -lQtCore -lpthread '
QT_PATH='/usr/bin'
QT_VERSION_MAJOR='4'
RANLIB='ranlib'
RCC='/usr/bin/rcc'
SED='/bin/sed'
SET_MAKE=''
SHELL='/bin/bash'
STRIP='strip'
UIC='/usr/bin/uic'
VERSION='1.0'
ac_ct_CC='gcc'
ac_ct_CXX='g++'
ac_ct_DUMPBIN=''
am__EXEEXT_FALSE=''
am__EXEEXT_TRUE='#'
am__fastdepCC_FALSE='#'
am__fastdepCC_TRUE=''
am__fastdepCXX_FALSE='#'
am__fastdepCXX_TRUE=''
am__include='include'
am__isrc=''
am__leading_dot='.'
am__quote=''
am__tar='${AMTAR} chof - "$$tardir"'
am__untar='${AMTAR} xf -'
bindir='${exec_prefix}/bin'
build='i686-pc-linux-gnu'
build_alias=''
build_cpu='i686'
build_os='linux-gnu'
build_vendor='pc'
datadir='${datarootdir}'
datarootdir='${prefix}/share'
docdir='${datarootdir}/doc/${PACKAGE_TARNAME}'
dvidir='${docdir}'
exec_prefix='${prefix}'
host='i686-pc-linux-gnu'
host_alias=''
host_cpu='i686'
host_os='linux-gnu'
host_vendor='pc'
htmldir='${docdir}'
includedir='${prefix}/include'
infodir='${datarootdir}/info'
install_sh='${SHELL} /home/paperboy/workspace/smc/install-sh'
libdir='${exec_prefix}/lib'
libexecdir='${exec_prefix}/libexec'
localedir='${datarootdir}/locale'
localstatedir='${prefix}/var'
lt_ECHO='echo'
mandir='${datarootdir}/man'
mkdir_p='/bin/mkdir -p'
oldincludedir='/usr/include'
pdfdir='${docdir}'
prefix='/usr/local'
program_transform_name='s,x,x,'
psdir='${docdir}'
sbindir='${exec_prefix}/sbin'
sharedstatedir='${prefix}/com'
sysconfdir='${prefix}/etc'
target_alias=''

## ----------- ##
## confdefs.h. ##
## ----------- ##

/* confdefs.h */
#define PACKAGE_NAME "StreamingMediaCenter"
#define PACKAGE_TARNAME "streamingmediacenter"
#define PACKAGE_VERSION "1.0"
#define PACKAGE_STRING "StreamingMediaCenter 1.0"
#define PACKAGE_BUGREPORT "mario.giustiniani@posix-shell.com"
#define PACKAGE_URL ""
#define PACKAGE "streamingmediacenter"
#define VERSION "1.0"
#define HAVE_BOOST /**/
#define HAVE_BOOST_SYSTEM /**/
#define HAVE_BOOST_THREAD /**/
#define STDC_HEADERS 1
#define HAVE_SYS_TYPES_H 1
#define HAVE_SYS_STAT_H 1
#define HAVE_STDLIB_H 1
#define HAVE_STRING_H 1
#define HAVE_MEMORY_H 1
#define HAVE_STRINGS_H 1
#define HAVE_INTTYPES_H 1
#define HAVE_STDINT_H 1
#define HAVE_UNISTD_H 1
#define HAVE_DLFCN_H 1
#define LT_OBJDIR ".libs/"
#define HAVE_TERMIOS_H 1
#define HAVE_OPENSSL_SSL_H 1
#define HAVE__BOOL 1
#define HAVE_STDBOOL_H 1
#define NDEBUG /**/

configure: exit 0

## ---------------------- ##
## Running config.status. ##
## ---------------------- ##

This file was extended by StreamingMediaCenter config.status 1.0, which was
generated by GNU Autoconf 2.67.  Invocation command line was

  CONFIG_FILES    = 
  CONFIG_HEADERS  = 
  CONFIG_LINKS    = 
  CONFIG_COMMANDS = 
  $ ./config.status src/Makefile depfiles

on Sabertooth

config.status:1213: creating src/Makefile
config.status:1441: executing depfiles commands

## ---------------------- ##
## Running config.status. ##
## ---------------------- ##

This file was extended by StreamingMediaCenter config.status 1.0, which was
generated by GNU Autoconf 2.67.  Invocation command line was

  CONFIG_FILES    = 
  CONFIG_HEADERS  = 
  CONFIG_LINKS    = 
  CONFIG_COMMANDS = 
  $ ./config.status src/Makefile depfiles

on Sabertooth

config.status:1213: creating src/Makefile
config.status:1441: executing depfiles commands

## ---------------------- ##
## Running config.status. ##
## ---------------------- ##

This file was extended by StreamingMediaCenter config.status 1.0, which was
generated by GNU Autoconf 2.67.  Invocation command line was

  CONFIG_FILES    = 
  CONFIG_HEADERS  = 
  CONFIG_LINKS    = 
  CONFIG_COMMANDS = 
  $ ./config.status src/Makefile depfiles

on Sabertooth

config.status:1213: creating src/Makefile
config.status:1441: executing depfiles commands
